<?xml version="1.0" encoding="UTF-8"?>
<testsuite xmlns:xsi="http://www.w3.org/2001/XMLSchema-instance" xsi:noNamespaceSchemaLocation="https://maven.apache.org/surefire/maven-surefire-plugin/xsd/surefire-test-report-3.0.xsd" version="3.0" name="TestSuite" time="14.169" tests="4" errors="0" skipped="0" failures="0">
  <properties>
[...]
</properties>
  <testcase name="test_postUser" classname="api.tests.UserTests" time="3.351">
    <system-out><![CDATA[2025-07-05T14:27:26.875040100Z main INFO Starting configuration XmlConfiguration[location=C:\Workspace\Workspace22052025\RestAssuredProject01\target\test-classes\log4j2.xml, lastModified=2025-06-08T16:33:03.628Z]...
2025-07-05T14:27:26.882225Z main INFO Start watching for changes to C:\Workspace\Workspace22052025\RestAssuredProject01\target\test-classes\log4j2.xml every 0 seconds
2025-07-05T14:27:26.882225Z main INFO Configuration XmlConfiguration[location=C:\Workspace\Workspace22052025\RestAssuredProject01\target\test-classes\log4j2.xml, lastModified=2025-06-08T16:33:03.628Z] started.
2025-07-05T14:27:26.883346700Z main INFO Stopping configuration org.apache.logging.log4j.core.config.DefaultConfiguration@65e22def...
2025-07-05T14:27:26.883346700Z main INFO Configuration org.apache.logging.log4j.core.config.DefaultConfiguration@65e22def stopped.
19:57:26.901 [main] INFO  api.tests.UserTests - ***************Create User***************
19:57:30.222 [main] INFO  api.tests.UserTests - ***************User Created***************
]]></system-out>
    <system-err><![CDATA[SLF4J(W): No SLF4J providers were found.
SLF4J(W): Defaulting to no-operation (NOP) logger implementation
SLF4J(W): See https://www.slf4j.org/codes.html#noProviders for further details.
SLF4J(W): Class path contains SLF4J bindings targeting slf4j-api versions 1.7.x or earlier.
SLF4J(W): Ignoring binding found at [jar:file:/C:/Users/g/.m2/repository/org/apache/logging/log4j/log4j-slf4j-impl/2.24.1/log4j-slf4j-impl-2.24.1.jar!/org/slf4j/impl/StaticLoggerBinder.class]
SLF4J(W): See https://www.slf4j.org/codes.html#ignoredBindings for an explanation.
]]></system-err>
  </testcase>
  <testcase name="test_getUserByUserName" classname="api.tests.UserTests" time="4.635">
    <system-out><![CDATA[19:57:30.258 [main] INFO  api.tests.UserTests - ***************Display User Data***************
19:57:34.892 [main] INFO  api.tests.UserTests - ***************User Data Dispalyed***************
]]></system-out>
  </testcase>
  <testcase name="test_updateUserByName" classname="api.tests.UserTests" time="3.07">
    <system-out><![CDATA[19:57:34.897 [main] INFO  api.tests.UserTests - ***************Generate User new modifiey Data***************
19:57:34.897 [main] INFO  api.tests.UserTests - ***************Modify the User Data***************
19:57:36.426 [main] INFO  api.tests.UserTests - ***************Modified User Data***************
19:57:36.426 [main] INFO  api.tests.UserTests - ***************Modify the User Data***************
19:57:37.964 [main] INFO  api.tests.UserTests - ***************User Data Dispalyed Post Modification***************
]]></system-out>
  </testcase>
  <testcase name="test_deleteUserByUserName" classname="api.tests.UserTests" time="1.386">
    <system-out><![CDATA[19:57:37.967 [main] INFO  api.tests.UserTests - ***************Delete Existing User Data***************
19:57:39.352 [main] INFO  api.tests.UserTests - ***************Deleted User Data***************
]]></system-out>
  </testcase>
</testsuite>