<?xml version="1.0" encoding="UTF-8"?>
<testng-results ignored="0" total="4" passed="4" failed="0" skipped="0">
  <reporter-output>
  </reporter-output>
  <suite started-at="2025-07-05T19:57:26 IST" name="PetSuite" finished-at="2025-07-05T19:57:39 IST" duration-ms="13291">
    <groups>
    </groups>
    <test started-at="2025-07-05T19:57:26 IST" name="PetTest" finished-at="2025-07-05T19:57:39 IST" duration-ms="13291">
      <class name="api.tests.UserTests">
        <test-method is-config="true" signature="setupData()[pri:0, instance:api.tests.UserTests@2d7275fc]" started-at="2025-07-05T19:57:26 IST" name="setupData" finished-at="2025-07-05T19:57:26 IST" duration-ms="636" status="PASS">
          <reporter-output>
          </reporter-output>
        </test-method> <!-- setupData -->
        <test-method signature="test_postUser()[pri:1, instance:api.tests.UserTests@2d7275fc]" started-at="2025-07-05T19:57:26 IST" name="test_postUser" finished-at="2025-07-05T19:57:30 IST" duration-ms="3323" status="PASS">
          <reporter-output>
          </reporter-output>
        </test-method> <!-- test_postUser -->
        <test-method signature="test_getUserByUserName()[pri:2, instance:api.tests.UserTests@2d7275fc]" started-at="2025-07-05T19:57:30 IST" name="test_getUserByUserName" finished-at="2025-07-05T19:57:34 IST" duration-ms="4635" status="PASS">
          <reporter-output>
          </reporter-output>
        </test-method> <!-- test_getUserByUserName -->
        <test-method signature="test_updateUserByName()[pri:3, instance:api.tests.UserTests@2d7275fc]" started-at="2025-07-05T19:57:34 IST" name="test_updateUserByName" finished-at="2025-07-05T19:57:37 IST" duration-ms="3067" status="PASS">
          <reporter-output>
          </reporter-output>
        </test-method> <!-- test_updateUserByName -->
        <test-method signature="test_deleteUserByUserName()[pri:4, instance:api.tests.UserTests@2d7275fc]" started-at="2025-07-05T19:57:37 IST" name="test_deleteUserByUserName" finished-at="2025-07-05T19:57:39 IST" duration-ms="1385" status="PASS">
          <reporter-output>
          </reporter-output>
        </test-method> <!-- test_deleteUserByUserName -->
      </class> <!-- api.tests.UserTests -->
    </test> <!-- PetTest -->
  </suite> <!-- PetSuite -->
</testng-results>
