<?xml version="1.0" encoding="UTF-8"?>
<!-- Generated by org.testng.reporters.JUnitXMLReporter -->
<testsuite ignored="0" hostname="LAPTOP-4D9NKMKK" failures="0" tests="4" name="PetTest" time="13.291" errors="0" timestamp="2025-07-05T19:57:39 IST">
  <testcase classname="api.tests.UserTests" name="test_postUser" time="3.323"/>
  <testcase classname="api.tests.UserTests" name="test_getUserByUserName" time="4.635"/>
  <testcase classname="api.tests.UserTests" name="test_updateUserByName" time="3.067"/>
  <testcase classname="api.tests.UserTests" name="test_deleteUserByUserName" time="1.385"/>
</testsuite> <!-- PetTest -->
